# ELBREAD: Elaboration process.
# ELBREAD: Warning: Unit generator(behavior) created by the old version of the compiler found.
# ELBREAD: Error: Library 'gat' has incompatible format. Recompile all library units.
# ELBREAD: Error: Elaboration process completed with errors.
# Design: Error: Elaboration failed
acom -reorder -work gat -2002  $DSN/src/nor2.vhd $DSN/src/nand2.vhd $DSN/src/generator.vhd
# Compile with File Reorder...
# File: R:\Uni\VHDL\Praktikum\Sources\libs\gat\src\nor2.vhd
# Compile Entity "nor2"
# Compile Architecture "behave" of Entity "nor2"
# File: R:\Uni\VHDL\Praktikum\Sources\libs\gat\src\nand2.vhd
# Compile Entity "nand2"
# Compile Architecture "behave" of Entity "nand2"
# File: R:\Uni\VHDL\Praktikum\Sources\libs\gat\src\generator.vhd
# Compile Entity "generator"
# Compile Architecture "behavior" of Entity "generator"
# Top-level unit(s) detected:
# Entity => nand2
# Entity => nor2
# Entity => generator
# Warning: DAGGEN_0523: The source is compiled without the -dbg switch. Line breakpoints and code coverage will not be available.
# Compile success 0 Errors 0 Warnings  Analysis time :  0.2 [s]
# ELBREAD: Elaboration process.
# ELBREAD: Elaboration time 0.0 [s].
